<?xml version="1.0" encoding="UTF-8"?>
<robot generator="Robot 7.0 (Python 3.9.10 on darwin)" generated="2024-05-23T12:52:29.996336" rpa="false" schemaversion="5">
<suite id="s1" name="Account-01-Updateaccount" source="/Users/kawinpop/workspace/tpc-new-app/Regression/account-01-updateaccount.robot">
<test id="s1-t1" name="Open Android app" line="16">
<kw name="Open Application" owner="AppiumLibrary">
<arg>${REMOTE_URL}</arg>
<arg>platformName=${PLATFORM_NAME_ANDROID}</arg>
<arg>deviceName=${DEVICE_NAME_ANDROID}</arg>
<arg>appPackage=${appPackage}</arg>
<arg>newCommandTimeout=${newCommandTimeout}</arg>
<arg>appActivity=${appActivity}</arg>
<arg>noReset=${noReset}</arg>
<arg>automationName=${AUTOMATION_NAME}</arg>
<doc>Opens a new application to given Appium server.
Capabilities of appium server, Android and iOS,
Please check https://github.com/appium/appium/blob/master/docs/en/writing-running-appium/server-args.md
| *Option*            | *Man.* | *Description*     |
| remote_url          | Yes    | Appium server url |
| alias               | no     | alias             |</doc>
<status status="PASS" start="2024-05-23T12:52:30.113724" elapsed="7.970626"/>
</kw>
<kw name="Sleep" owner="BuiltIn">
<msg time="2024-05-23T12:52:41.085941" level="INFO">Slept 3 seconds.</msg>
<arg>3</arg>
<doc>Pauses the test executed for the given time.</doc>
<status status="PASS" start="2024-05-23T12:52:38.084719" elapsed="3.001398"/>
</kw>
<status status="PASS" start="2024-05-23T12:52:30.112834" elapsed="10.973760"/>
</test>
<test id="s1-t2" name="login" line="20">
<kw name="Wait Until Element Is Visible" owner="AppiumLibrary">
<arg>xpath=//android.widget.Button[@content-desc="Sign in"]</arg>
<doc>Waits until element specified with `locator` is visible.</doc>
<status status="PASS" start="2024-05-23T12:52:41.087424" elapsed="1.930583"/>
</kw>
<kw name="Click Element" owner="AppiumLibrary">
<msg time="2024-05-23T12:52:43.020701" level="INFO">Clicking element 'xpath=//android.widget.Button[@content-desc="Sign in"]'.</msg>
<arg>xpath=//android.widget.Button[@content-desc="Sign in"]</arg>
<doc>Click element identified by `locator`.</doc>
<status status="PASS" start="2024-05-23T12:52:43.018395" elapsed="0.180059"/>
</kw>
<kw name="Sleep" owner="BuiltIn">
<msg time="2024-05-23T12:52:46.200374" level="INFO">Slept 3 seconds.</msg>
<arg>3</arg>
<doc>Pauses the test executed for the given time.</doc>
<status status="PASS" start="2024-05-23T12:52:43.198733" elapsed="3.001842"/>
</kw>
<kw name="Click Element" owner="AppiumLibrary">
<msg time="2024-05-23T12:52:46.203555" level="INFO">Clicking element 'xpath=/hierarchy/android.widget.FrameLayout/android.widget.LinearLayout/android.widget.FrameLayout/android.widget.FrameLayout/android.view.View/android.view.View/android.view.View/android.widget.EditText[1]'.</msg>
<arg>xpath=/hierarchy/android.widget.FrameLayout/android.widget.LinearLayout/android.widget.FrameLayout/android.widget.FrameLayout/android.view.View/android.view.View/android.view.View/android.widget.EditText[1]</arg>
<doc>Click element identified by `locator`.</doc>
<status status="PASS" start="2024-05-23T12:52:46.201025" elapsed="0.122188"/>
</kw>
<kw name="Sleep" owner="BuiltIn">
<msg time="2024-05-23T12:52:49.324501" level="INFO">Slept 3 seconds.</msg>
<arg>3</arg>
<doc>Pauses the test executed for the given time.</doc>
<status status="PASS" start="2024-05-23T12:52:46.323551" elapsed="3.001103"/>
</kw>
<kw name="Input Text" owner="AppiumLibrary">
<msg time="2024-05-23T12:52:49.327175" level="INFO">Typing text 'aor.testapptpc@ismilebot.com' into text field 'xpath=/hierarchy/android.widget.FrameLayout/android.widget.LinearLayout/android.widget.FrameLayout/android.widget.FrameLayout/android.view.View/android.view.View/android.view.View/android.widget.EditText[1]'</msg>
<arg>xpath=/hierarchy/android.widget.FrameLayout/android.widget.LinearLayout/android.widget.FrameLayout/android.widget.FrameLayout/android.view.View/android.view.View/android.view.View/android.widget.EditText[1]</arg>
<arg>aor.testapptpc@ismilebot.com</arg>
<doc>Types the given `text` into text field identified by `locator`.</doc>
<status status="PASS" start="2024-05-23T12:52:49.325004" elapsed="0.091210"/>
</kw>
<kw name="Sleep" owner="BuiltIn">
<msg time="2024-05-23T12:52:52.416991" level="INFO">Slept 3 seconds.</msg>
<arg>3</arg>
<doc>Pauses the test executed for the given time.</doc>
<status status="PASS" start="2024-05-23T12:52:49.416466" elapsed="3.000655"/>
</kw>
<kw name="Click Element" owner="AppiumLibrary">
<msg time="2024-05-23T12:52:52.419327" level="INFO">Clicking element 'xpath=/hierarchy/android.widget.FrameLayout/android.widget.LinearLayout/android.widget.FrameLayout/android.widget.FrameLayout/android.view.View/android.view.View/android.view.View/android.widget.EditText[2]'.</msg>
<arg>xpath=/hierarchy/android.widget.FrameLayout/android.widget.LinearLayout/android.widget.FrameLayout/android.widget.FrameLayout/android.view.View/android.view.View/android.view.View/android.widget.EditText[2]</arg>
<doc>Click element identified by `locator`.</doc>
<status status="PASS" start="2024-05-23T12:52:52.417532" elapsed="0.317548"/>
</kw>
<kw name="Sleep" owner="BuiltIn">
<msg time="2024-05-23T12:52:55.736050" level="INFO">Slept 3 seconds.</msg>
<arg>3</arg>
<doc>Pauses the test executed for the given time.</doc>
<status status="PASS" start="2024-05-23T12:52:52.735499" elapsed="3.000654"/>
</kw>
<kw name="Input Text" owner="AppiumLibrary">
<msg time="2024-05-23T12:52:55.737762" level="INFO">Typing text 'Aa123456' into text field 'xpath=/hierarchy/android.widget.FrameLayout/android.widget.LinearLayout/android.widget.FrameLayout/android.widget.FrameLayout/android.view.View/android.view.View/android.view.View/android.widget.EditText[2]'</msg>
<arg>xpath=/hierarchy/android.widget.FrameLayout/android.widget.LinearLayout/android.widget.FrameLayout/android.widget.FrameLayout/android.view.View/android.view.View/android.view.View/android.widget.EditText[2]</arg>
<arg>Aa123456</arg>
<doc>Types the given `text` into text field identified by `locator`.</doc>
<status status="PASS" start="2024-05-23T12:52:55.736409" elapsed="0.100899"/>
</kw>
<kw name="Sleep" owner="BuiltIn">
<msg time="2024-05-23T12:52:58.838054" level="INFO">Slept 3 seconds.</msg>
<arg>3</arg>
<doc>Pauses the test executed for the given time.</doc>
<status status="PASS" start="2024-05-23T12:52:55.837584" elapsed="3.000653"/>
</kw>
<kw name="Click Element" owner="AppiumLibrary">
<msg time="2024-05-23T12:52:58.841007" level="INFO">Clicking element 'xpath=/hierarchy/android.widget.FrameLayout/android.widget.LinearLayout/android.widget.FrameLayout/android.widget.FrameLayout/android.view.View/android.view.View/android.view.View'.</msg>
<arg>xpath=/hierarchy/android.widget.FrameLayout/android.widget.LinearLayout/android.widget.FrameLayout/android.widget.FrameLayout/android.view.View/android.view.View/android.view.View</arg>
<doc>Click element identified by `locator`.</doc>
<status status="PASS" start="2024-05-23T12:52:58.838654" elapsed="1.051050"/>
</kw>
<kw name="Sleep" owner="BuiltIn">
<msg time="2024-05-23T12:53:04.892744" level="INFO">Slept 5 seconds.</msg>
<arg>5</arg>
<doc>Pauses the test executed for the given time.</doc>
<status status="PASS" start="2024-05-23T12:52:59.889986" elapsed="5.003000"/>
</kw>
<kw name="Click Element" owner="AppiumLibrary">
<msg time="2024-05-23T12:53:04.896316" level="INFO">Clicking element 'xpath=//android.widget.Button[@content-desc="Sign in"]'.</msg>
<arg>xpath=//android.widget.Button[@content-desc="Sign in"]</arg>
<doc>Click element identified by `locator`.</doc>
<status status="PASS" start="2024-05-23T12:53:04.893562" elapsed="3.529932"/>
</kw>
<status status="PASS" start="2024-05-23T12:52:41.086937" elapsed="27.336815"/>
</test>
<test id="s1-t3" name="More" line="36">
<kw name="Sleep" owner="BuiltIn">
<msg time="2024-05-23T12:53:11.426531" level="INFO">Slept 3 seconds.</msg>
<arg>3</arg>
<doc>Pauses the test executed for the given time.</doc>
<status status="PASS" start="2024-05-23T12:53:08.424355" elapsed="3.002422"/>
</kw>
<kw name="Swipe" owner="AppiumLibrary">
<arg>start_x=977</arg>
<arg>start_y=2228</arg>
<arg>offset_x=977</arg>
<arg>offset_y=2228</arg>
<doc>Swipe from one point to another point, for an optional duration.</doc>
<status status="PASS" start="2024-05-23T12:53:11.427214" elapsed="1.027447"/>
</kw>
<status status="PASS" start="2024-05-23T12:53:08.424006" elapsed="4.031046"/>
</test>
<test id="s1-t4" name="Account" line="40">
<kw name="Sleep" owner="BuiltIn">
<msg time="2024-05-23T12:53:17.456460" level="INFO">Slept 5 seconds.</msg>
<arg>5</arg>
<doc>Pauses the test executed for the given time.</doc>
<status status="PASS" start="2024-05-23T12:53:12.455770" elapsed="5.000798"/>
</kw>
<kw name="Click Element" owner="AppiumLibrary">
<msg time="2024-05-23T12:53:17.458094" level="INFO">Clicking element 'xpath=//android.view.View[@content-desc="Account"]'.</msg>
<arg>xpath=//android.view.View[@content-desc="Account"]</arg>
<doc>Click element identified by `locator`.</doc>
<status status="PASS" start="2024-05-23T12:53:17.456799" elapsed="0.122081"/>
</kw>
<kw name="Sleep" owner="BuiltIn">
<msg time="2024-05-23T12:53:22.579428" level="INFO">Slept 5 seconds.</msg>
<arg>5</arg>
<doc>Pauses the test executed for the given time.</doc>
<status status="PASS" start="2024-05-23T12:53:17.579127" elapsed="5.000496"/>
</kw>
<kw name="Click Element" owner="AppiumLibrary">
<msg time="2024-05-23T12:53:22.582729" level="INFO">Clicking element 'xpath=/hierarchy/android.widget.FrameLayout/android.widget.LinearLayout/android.widget.FrameLayout/android.widget.FrameLayout/android.view.View/android.view.View/android.view.View/android.view.View[2]/android.widget.EditText[1]'.</msg>
<arg>xpath=/hierarchy/android.widget.FrameLayout/android.widget.LinearLayout/android.widget.FrameLayout/android.widget.FrameLayout/android.view.View/android.view.View/android.view.View/android.view.View[2]/android.widget.EditText[1]</arg>
<doc>Click element identified by `locator`.</doc>
<status status="PASS" start="2024-05-23T12:53:22.580072" elapsed="0.258172"/>
</kw>
<kw name="Sleep" owner="BuiltIn">
<msg time="2024-05-23T12:53:25.839102" level="INFO">Slept 3 seconds.</msg>
<arg>3</arg>
<doc>Pauses the test executed for the given time.</doc>
<status status="PASS" start="2024-05-23T12:53:22.838519" elapsed="3.000897"/>
</kw>
<kw name="Clear Text" owner="AppiumLibrary">
<msg time="2024-05-23T12:53:25.842538" level="INFO">Clear text field 'xpath=//android.widget.EditText[1]'</msg>
<arg>xpath=//android.widget.EditText[1]</arg>
<doc>Clears the text field identified by `locator`.</doc>
<status status="PASS" start="2024-05-23T12:53:25.839887" elapsed="0.109856"/>
</kw>
<kw name="Sleep" owner="BuiltIn">
<msg time="2024-05-23T12:53:30.951364" level="INFO">Slept 5 seconds.</msg>
<arg>5</arg>
<doc>Pauses the test executed for the given time.</doc>
<status status="PASS" start="2024-05-23T12:53:25.950152" elapsed="5.001362"/>
</kw>
<kw name="Input Text" owner="AppiumLibrary">
<msg time="2024-05-23T12:53:30.954320" level="INFO">Typing text 'tonaor' into text field 'xpath=//android.widget.EditText[1]'</msg>
<arg>xpath=//android.widget.EditText[1]</arg>
<arg>tonaor</arg>
<doc>Types the given `text` into text field identified by `locator`.</doc>
<status status="PASS" start="2024-05-23T12:53:30.951844" elapsed="0.098038"/>
</kw>
<kw name="Sleep" owner="BuiltIn">
<msg time="2024-05-23T12:53:36.051177" level="INFO">Slept 5 seconds.</msg>
<arg>5</arg>
<doc>Pauses the test executed for the given time.</doc>
<status status="PASS" start="2024-05-23T12:53:31.050129" elapsed="5.001290"/>
</kw>
<kw name="Swipe" owner="AppiumLibrary">
<arg>start_x=783</arg>
<arg>start_y=2059</arg>
<arg>offset_x=783</arg>
<arg>offset_y=2059</arg>
<doc>Swipe from one point to another point, for an optional duration.</doc>
<status status="PASS" start="2024-05-23T12:53:36.052089" elapsed="1.251952"/>
</kw>
<status status="PASS" start="2024-05-23T12:53:12.455348" elapsed="24.849232"/>
</test>
<status status="PASS" start="2024-05-23T12:52:29.998078" elapsed="67.307055"/>
</suite>
<statistics>
<total>
<stat pass="4" fail="0" skip="0">All Tests</stat>
</total>
<tag>
</tag>
<suite>
<stat pass="4" fail="0" skip="0" id="s1" name="Account-01-Updateaccount">Account-01-Updateaccount</stat>
</suite>
</statistics>
<errors>
</errors>
</robot>
