<?xml version="1.0" encoding="UTF-8"?>
<robot generator="Robot 7.0 (Python 3.9.10 on darwin)" generated="2024-05-23T13:38:56.505611" rpa="false" schemaversion="5">
<suite id="s1" name="Account-02-Updateaccount" source="/Users/kawinpop/workspace/tpc-new-app/Regression/account-02-updateaccount.robot">
<test id="s1-t1" name="Open Android app" line="16">
<kw name="Open Application" owner="AppiumLibrary">
<arg>${REMOTE_URL}</arg>
<arg>platformName=${PLATFORM_NAME_ANDROID}</arg>
<arg>deviceName=${DEVICE_NAME_ANDROID}</arg>
<arg>appPackage=${appPackage}</arg>
<arg>newCommandTimeout=${newCommandTimeout}</arg>
<arg>appActivity=${appActivity}</arg>
<arg>noReset=${noReset}</arg>
<arg>automationName=${AUTOMATION_NAME}</arg>
<doc>Opens a new application to given Appium server.
Capabilities of appium server, Android and iOS,
Please check https://github.com/appium/appium/blob/master/docs/en/writing-running-appium/server-args.md
| *Option*            | *Man.* | *Description*     |
| remote_url          | Yes    | Appium server url |
| alias               | no     | alias             |</doc>
<status status="PASS" start="2024-05-23T13:38:56.621295" elapsed="8.236621"/>
</kw>
<kw name="Sleep" owner="BuiltIn">
<msg time="2024-05-23T13:39:07.859243" level="INFO">Slept 3 seconds.</msg>
<arg>3</arg>
<doc>Pauses the test executed for the given time.</doc>
<status status="PASS" start="2024-05-23T13:39:04.858625" elapsed="3.000750"/>
</kw>
<status status="PASS" start="2024-05-23T13:38:56.620497" elapsed="11.239153"/>
</test>
<test id="s1-t2" name="login" line="20">
<kw name="Wait Until Element Is Visible" owner="AppiumLibrary">
<arg>xpath=//android.widget.Button[@content-desc="Sign in"]</arg>
<doc>Waits until element specified with `locator` is visible.</doc>
<status status="PASS" start="2024-05-23T13:39:07.860247" elapsed="1.581034"/>
</kw>
<kw name="Click Element" owner="AppiumLibrary">
<msg time="2024-05-23T13:39:09.442950" level="INFO">Clicking element 'xpath=//android.widget.Button[@content-desc="Sign in"]'.</msg>
<arg>xpath=//android.widget.Button[@content-desc="Sign in"]</arg>
<doc>Click element identified by `locator`.</doc>
<status status="PASS" start="2024-05-23T13:39:09.441556" elapsed="0.965241"/>
</kw>
<kw name="Sleep" owner="BuiltIn">
<msg time="2024-05-23T13:39:13.407750" level="INFO">Slept 3 seconds.</msg>
<arg>3</arg>
<doc>Pauses the test executed for the given time.</doc>
<status status="PASS" start="2024-05-23T13:39:10.407134" elapsed="3.000757"/>
</kw>
<kw name="Click Element" owner="AppiumLibrary">
<msg time="2024-05-23T13:39:13.410188" level="INFO">Clicking element 'xpath=/hierarchy/android.widget.FrameLayout/android.widget.LinearLayout/android.widget.FrameLayout/android.widget.FrameLayout/android.view.View/android.view.View/android.view.View/android.widget.EditText[1]'.</msg>
<arg>xpath=/hierarchy/android.widget.FrameLayout/android.widget.LinearLayout/android.widget.FrameLayout/android.widget.FrameLayout/android.view.View/android.view.View/android.view.View/android.widget.EditText[1]</arg>
<doc>Click element identified by `locator`.</doc>
<status status="PASS" start="2024-05-23T13:39:13.408249" elapsed="0.316100"/>
</kw>
<kw name="Sleep" owner="BuiltIn">
<msg time="2024-05-23T13:39:16.725292" level="INFO">Slept 3 seconds.</msg>
<arg>3</arg>
<doc>Pauses the test executed for the given time.</doc>
<status status="PASS" start="2024-05-23T13:39:13.724848" elapsed="3.000589"/>
</kw>
<kw name="Input Text" owner="AppiumLibrary">
<msg time="2024-05-23T13:39:16.727909" level="INFO">Typing text 'aor.testapptpc@ismilebot.com' into text field 'xpath=/hierarchy/android.widget.FrameLayout/android.widget.LinearLayout/android.widget.FrameLayout/android.widget.FrameLayout/android.view.View/android.view.View/android.view.View/android.widget.EditText[1]'</msg>
<arg>xpath=/hierarchy/android.widget.FrameLayout/android.widget.LinearLayout/android.widget.FrameLayout/android.widget.FrameLayout/android.view.View/android.view.View/android.view.View/android.widget.EditText[1]</arg>
<arg>aor.testapptpc@ismilebot.com</arg>
<doc>Types the given `text` into text field identified by `locator`.</doc>
<status status="PASS" start="2024-05-23T13:39:16.725762" elapsed="0.087032"/>
</kw>
<kw name="Sleep" owner="BuiltIn">
<msg time="2024-05-23T13:39:19.813685" level="INFO">Slept 3 seconds.</msg>
<arg>3</arg>
<doc>Pauses the test executed for the given time.</doc>
<status status="PASS" start="2024-05-23T13:39:16.813078" elapsed="3.000791"/>
</kw>
<kw name="Click Element" owner="AppiumLibrary">
<msg time="2024-05-23T13:39:19.816844" level="INFO">Clicking element 'xpath=/hierarchy/android.widget.FrameLayout/android.widget.LinearLayout/android.widget.FrameLayout/android.widget.FrameLayout/android.view.View/android.view.View/android.view.View/android.widget.EditText[2]'.</msg>
<arg>xpath=/hierarchy/android.widget.FrameLayout/android.widget.LinearLayout/android.widget.FrameLayout/android.widget.FrameLayout/android.view.View/android.view.View/android.view.View/android.widget.EditText[2]</arg>
<doc>Click element identified by `locator`.</doc>
<status status="PASS" start="2024-05-23T13:39:19.814288" elapsed="0.995638"/>
</kw>
<kw name="Sleep" owner="BuiltIn">
<msg time="2024-05-23T13:39:23.810512" level="INFO">Slept 3 seconds.</msg>
<arg>3</arg>
<doc>Pauses the test executed for the given time.</doc>
<status status="PASS" start="2024-05-23T13:39:20.810208" elapsed="3.000486"/>
</kw>
<kw name="Input Text" owner="AppiumLibrary">
<msg time="2024-05-23T13:39:23.813548" level="INFO">Typing text '123456' into text field 'xpath=/hierarchy/android.widget.FrameLayout/android.widget.LinearLayout/android.widget.FrameLayout/android.widget.FrameLayout/android.view.View/android.view.View/android.view.View/android.widget.EditText[2]'</msg>
<arg>xpath=/hierarchy/android.widget.FrameLayout/android.widget.LinearLayout/android.widget.FrameLayout/android.widget.FrameLayout/android.view.View/android.view.View/android.view.View/android.widget.EditText[2]</arg>
<arg>123456</arg>
<doc>Types the given `text` into text field identified by `locator`.</doc>
<status status="PASS" start="2024-05-23T13:39:23.811153" elapsed="0.095888"/>
</kw>
<kw name="Sleep" owner="BuiltIn">
<msg time="2024-05-23T13:39:26.909228" level="INFO">Slept 3 seconds.</msg>
<arg>3</arg>
<doc>Pauses the test executed for the given time.</doc>
<status status="PASS" start="2024-05-23T13:39:23.907285" elapsed="3.002122"/>
</kw>
<kw name="Click Element" owner="AppiumLibrary">
<msg time="2024-05-23T13:39:26.912301" level="INFO">Clicking element 'xpath=/hierarchy/android.widget.FrameLayout/android.widget.LinearLayout/android.widget.FrameLayout/android.widget.FrameLayout/android.view.View/android.view.View/android.view.View'.</msg>
<arg>xpath=/hierarchy/android.widget.FrameLayout/android.widget.LinearLayout/android.widget.FrameLayout/android.widget.FrameLayout/android.view.View/android.view.View/android.view.View</arg>
<doc>Click element identified by `locator`.</doc>
<status status="PASS" start="2024-05-23T13:39:26.909800" elapsed="1.067435"/>
</kw>
<kw name="Sleep" owner="BuiltIn">
<msg time="2024-05-23T13:39:32.978392" level="INFO">Slept 5 seconds.</msg>
<arg>5</arg>
<doc>Pauses the test executed for the given time.</doc>
<status status="PASS" start="2024-05-23T13:39:27.977533" elapsed="5.001037"/>
</kw>
<kw name="Click Element" owner="AppiumLibrary">
<msg time="2024-05-23T13:39:32.981333" level="INFO">Clicking element 'xpath=//android.widget.Button[@content-desc="Sign in"]'.</msg>
<arg>xpath=//android.widget.Button[@content-desc="Sign in"]</arg>
<doc>Click element identified by `locator`.</doc>
<status status="PASS" start="2024-05-23T13:39:32.978980" elapsed="3.300090"/>
</kw>
<status status="PASS" start="2024-05-23T13:39:07.859894" elapsed="28.419752"/>
</test>
<test id="s1-t3" name="More" line="36">
<kw name="Sleep" owner="BuiltIn">
<msg time="2024-05-23T13:39:39.280889" level="INFO">Slept 3 seconds.</msg>
<arg>3</arg>
<doc>Pauses the test executed for the given time.</doc>
<status status="PASS" start="2024-05-23T13:39:36.280423" elapsed="3.000615"/>
</kw>
<kw name="Swipe" owner="AppiumLibrary">
<arg>start_x=977</arg>
<arg>start_y=2228</arg>
<arg>offset_x=977</arg>
<arg>offset_y=2228</arg>
<doc>Swipe from one point to another point, for an optional duration.</doc>
<status status="PASS" start="2024-05-23T13:39:39.281377" elapsed="1.031964"/>
</kw>
<status status="PASS" start="2024-05-23T13:39:36.279999" elapsed="4.033831"/>
</test>
<test id="s1-t4" name="Account" line="40">
<kw name="Sleep" owner="BuiltIn">
<msg time="2024-05-23T13:39:45.315198" level="INFO">Slept 5 seconds.</msg>
<arg>5</arg>
<doc>Pauses the test executed for the given time.</doc>
<status status="PASS" start="2024-05-23T13:39:40.314523" elapsed="5.000831"/>
</kw>
<kw name="Click Element" owner="AppiumLibrary">
<msg time="2024-05-23T13:39:45.317821" level="INFO">Clicking element 'xpath=//android.view.View[@content-desc="Account"]'.</msg>
<arg>xpath=//android.view.View[@content-desc="Account"]</arg>
<doc>Click element identified by `locator`.</doc>
<status status="PASS" start="2024-05-23T13:39:45.315693" elapsed="0.193478"/>
</kw>
<kw name="Sleep" owner="BuiltIn">
<msg time="2024-05-23T13:39:50.511558" level="INFO">Slept 5 seconds.</msg>
<arg>5</arg>
<doc>Pauses the test executed for the given time.</doc>
<status status="PASS" start="2024-05-23T13:39:45.509530" elapsed="5.002286"/>
</kw>
<kw name="Click Element" owner="AppiumLibrary">
<msg time="2024-05-23T13:39:50.514752" level="INFO">Clicking element 'xpath=//android.widget.EditText[3]'.</msg>
<arg>xpath=//android.widget.EditText[3]</arg>
<doc>Click element identified by `locator`.</doc>
<status status="PASS" start="2024-05-23T13:39:50.512210" elapsed="0.150069"/>
</kw>
<kw name="Sleep" owner="BuiltIn">
<msg time="2024-05-23T13:39:55.663698" level="INFO">Slept 5 seconds.</msg>
<arg>5</arg>
<doc>Pauses the test executed for the given time.</doc>
<status status="PASS" start="2024-05-23T13:39:50.662812" elapsed="5.001009"/>
</kw>
<kw name="Input Text" owner="AppiumLibrary">
<msg time="2024-05-23T13:39:55.666215" level="INFO">Typing text '123456' into text field 'xpath=//android.widget.EditText[3]'</msg>
<arg>xpath=//android.widget.EditText[3]</arg>
<arg>123456</arg>
<doc>Types the given `text` into text field identified by `locator`.</doc>
<status status="PASS" start="2024-05-23T13:39:55.664242" elapsed="0.091025"/>
</kw>
<kw name="Sleep" owner="BuiltIn">
<msg time="2024-05-23T13:39:58.756040" level="INFO">Slept 3 seconds.</msg>
<arg>3</arg>
<doc>Pauses the test executed for the given time.</doc>
<status status="PASS" start="2024-05-23T13:39:55.755544" elapsed="3.000676"/>
</kw>
<kw name="Click Element" owner="AppiumLibrary">
<msg time="2024-05-23T13:39:58.759038" level="INFO">Clicking element 'xpath=//android.widget.EditText[4]'.</msg>
<arg>xpath=//android.widget.EditText[4]</arg>
<doc>Click element identified by `locator`.</doc>
<status status="PASS" start="2024-05-23T13:39:58.756624" elapsed="0.119321"/>
</kw>
<kw name="Sleep" owner="BuiltIn">
<msg time="2024-05-23T13:40:03.877139" level="INFO">Slept 5 seconds.</msg>
<arg>5</arg>
<doc>Pauses the test executed for the given time.</doc>
<status status="PASS" start="2024-05-23T13:39:58.876216" elapsed="5.001089"/>
</kw>
<kw name="Input Text" owner="AppiumLibrary">
<msg time="2024-05-23T13:40:03.880073" level="INFO">Typing text 'Aa123456' into text field 'xpath=//android.widget.EditText[4]'</msg>
<arg>xpath=//android.widget.EditText[4]</arg>
<arg>Aa123456</arg>
<doc>Types the given `text` into text field identified by `locator`.</doc>
<status status="PASS" start="2024-05-23T13:40:03.877761" elapsed="0.099816"/>
</kw>
<kw name="Sleep" owner="BuiltIn">
<msg time="2024-05-23T13:40:08.979859" level="INFO">Slept 5 seconds.</msg>
<arg>5</arg>
<doc>Pauses the test executed for the given time.</doc>
<status status="PASS" start="2024-05-23T13:40:03.977851" elapsed="5.002161"/>
</kw>
<kw name="Swipe" owner="AppiumLibrary">
<arg>start_x=783</arg>
<arg>start_y=2059</arg>
<arg>offset_x=783</arg>
<arg>offset_y=2059</arg>
<doc>Swipe from one point to another point, for an optional duration.</doc>
<status status="PASS" start="2024-05-23T13:40:08.980410" elapsed="1.321766"/>
</kw>
<kw name="Sleep" owner="BuiltIn">
<msg time="2024-05-23T13:40:15.303263" level="INFO">Slept 5 seconds.</msg>
<arg>5</arg>
<doc>Pauses the test executed for the given time.</doc>
<status status="PASS" start="2024-05-23T13:40:10.302427" elapsed="5.001014"/>
</kw>
<kw name="Click Element" owner="AppiumLibrary">
<msg time="2024-05-23T13:40:15.306358" level="INFO">Clicking element 'xpath=//android.widget.Button[@content-desc="Save Changes"]'.</msg>
<arg>xpath=//android.widget.Button[@content-desc="Save Changes"]</arg>
<doc>Click element identified by `locator`.</doc>
<status status="PASS" start="2024-05-23T13:40:15.303838" elapsed="0.153809"/>
</kw>
<status status="PASS" start="2024-05-23T13:39:40.314123" elapsed="35.143768"/>
</test>
<test id="s1-t5" name="logout" line="56">
<kw name="Sleep" owner="BuiltIn">
<msg time="2024-05-23T13:40:20.459927" level="INFO">Slept 5 seconds.</msg>
<arg>5</arg>
<doc>Pauses the test executed for the given time.</doc>
<status status="PASS" start="2024-05-23T13:40:15.458909" elapsed="5.001201"/>
</kw>
<kw name="Click Element" owner="AppiumLibrary">
<msg time="2024-05-23T13:40:20.462690" level="INFO">Clicking element 'xpath=//android.view.View[@content-desc="Sign out"]'.</msg>
<arg>xpath=//android.view.View[@content-desc="Sign out"]</arg>
<doc>Click element identified by `locator`.</doc>
<status status="PASS" start="2024-05-23T13:40:20.460529" elapsed="0.149641"/>
</kw>
<kw name="Close Application" owner="AppiumLibrary">
<doc>Closes the current application and also close webdriver session.</doc>
<status status="PASS" start="2024-05-23T13:40:20.610578" elapsed="0.460687"/>
</kw>
<status status="PASS" start="2024-05-23T13:40:15.458147" elapsed="5.613396"/>
</test>
<status status="PASS" start="2024-05-23T13:38:56.507391" elapsed="84.564681"/>
</suite>
<statistics>
<total>
<stat pass="5" fail="0" skip="0">All Tests</stat>
</total>
<tag>
</tag>
<suite>
<stat pass="5" fail="0" skip="0" id="s1" name="Account-02-Updateaccount">Account-02-Updateaccount</stat>
</suite>
</statistics>
<errors>
</errors>
</robot>
